<?xml version="1.0" encoding="UTF-8"?>
<!-- Generated by org.testng.reporters.JUnitXMLReporter -->
<testsuite hostname="DESKTOP-TEEO0J4" ignored="0" name="MainTest" tests="1" failures="1" timestamp="13 Jan 2018 07:42:13 GMT" time="0.113" errors="0">
  <testcase name="applicationTest" time="0.054" classname="com.tnf.testcases.MainTest">
    <failure type="java.lang.NullPointerException">
      <![CDATA[java.lang.NullPointerExceptionat com.tnf.util.Xls_Reader.getRowCount(Xls_Reader.java:53)at com.tnf.testcases.MainTest.applicationTest(MainTest.java:22)... Removed 25 stack frames]]>
    </failure>
  </testcase> <!-- applicationTest -->
</testsuite> <!-- MainTest -->
